<?xml version="1.0" encoding="UTF-8"?>
<coverage generated="1785743089953" clover="3.2.0">
  <project timestamp="1785743089953" name="All files">
    <metrics statements="35" coveredstatements="24" conditionals="10" coveredconditionals="5" methods="3" coveredmethods="2" elements="48" coveredelements="31" complexity="0" loc="35" ncloc="35" packages="1" files="1" classes="1"/>
    <file name="index.ts" path="/Users/tuanstrange/Documents/Fullstack Engineer/Purwadhika Bootcamp/Bootcamp Exercise/Module 3 - Back End Development/09 Fullstack Application Integration/backend/src/index.ts">
      <metrics statements="35" coveredstatements="24" conditionals="10" coveredconditionals="5" methods="3" coveredmethods="2"/>
      <line num="1" count="1" type="stmt"/>
      <line num="2" count="1" type="stmt"/>
      <line num="3" count="1" type="stmt"/>
      <line num="4" count="1" type="stmt"/>
      <line num="5" count="1" type="stmt"/>
      <line num="6" count="1" type="stmt"/>
      <line num="8" count="1" type="stmt"/>
      <line num="10" count="1" type="stmt"/>
      <line num="11" count="1" type="cond" truecount="1" falsecount="1"/>
      <line num="14" count="1" type="stmt"/>
      <line num="15" count="1" type="stmt"/>
      <line num="16" count="1" type="stmt"/>
      <line num="18" count="1" type="stmt"/>
      <line num="19" count="1" type="stmt"/>
      <line num="22" count="1" type="stmt"/>
      <line num="23" count="1" type="stmt"/>
      <line num="24" count="1" type="stmt"/>
      <line num="27" count="1" type="stmt"/>
      <line num="29" count="0" type="stmt"/>
      <line num="30" count="0" type="stmt"/>
      <line num="35" count="1" type="stmt"/>
      <line num="36" count="1" type="stmt"/>
      <line num="38" count="1" type="cond" truecount="3" falsecount="1"/>
      <line num="39" count="1" type="stmt"/>
      <line num="42" count="0" type="stmt"/>
      <line num="43" count="0" type="stmt"/>
      <line num="49" count="0" type="stmt"/>
      <line num="51" count="0" type="stmt"/>
      <line num="52" count="0" type="cond" truecount="0" falsecount="2"/>
      <line num="53" count="0" type="stmt"/>
      <line num="55" count="0" type="stmt"/>
      <line num="59" count="1" type="stmt"/>
      <line num="61" count="1" type="cond" truecount="1" falsecount="1"/>
      <line num="62" count="0" type="stmt"/>
      <line num="63" count="0" type="stmt"/>
    </file>
  </project>
</coverage>
