{"/Users/tuanstrange/Documents/Fullstack Engineer/Purwadhika Bootcamp/Bootcamp Exercise/Module 3 - Back End Development/09 Fullstack Application Integration/backend/src/index.ts": {"path":"/Users/tuanstrange/Documents/Fullstack Engineer/Purwadhika Bootcamp/Bootcamp Exercise/Module 3 - Back End Development/09 Fullstack Application Integration/backend/src/index.ts","statementMap":{"0":{"start":{"line":1,"column":0},"end":{"line":1,"column":53}},"1":{"start":{"line":2,"column":0},"end":{"line":2,"column":24}},"2":{"start":{"line":3,"column":0},"end":{"line":3,"column":46}},"3":{"start":{"line":4,"column":0},"end":{"line":4,"column":46}},"4":{"start":{"line":5,"column":0},"end":{"line":5,"column":20}},"5":{"start":{"line":6,"column":0},"end":{"line":6,"column":28}},"6":{"start":{"line":8,"column":0},"end":{"line":8,"column":16}},"7":{"start":{"line":10,"column":12},"end":{"line":10,"column":21}},"8":{"start":{"line":11,"column":13},"end":{"line":11,"column":37}},"9":{"start":{"line":14,"column":13},"end":{"line":14,"column":72}},"10":{"start":{"line":15,"column":16},"end":{"line":15,"column":34}},"11":{"start":{"line":16,"column":15},"end":{"line":16,"column":44}},"12":{"start":{"line":18,"column":0},"end":{"line":18,"column":16}},"13":{"start":{"line":19,"column":0},"end":{"line":19,"column":24}},"14":{"start":{"line":22,"column":0},"end":{"line":32,"column":3}},"15":{"start":{"line":23,"column":2},"end":{"line":31,"column":3}},"16":{"start":{"line":24,"column":18},"end":{"line":26,"column":6}},"17":{"start":{"line":27,"column":4},"end":{"line":27,"column":20}},"18":{"start":{"line":29,"column":4},"end":{"line":29,"column":50}},"19":{"start":{"line":30,"column":4},"end":{"line":30,"column":61}},"20":{"start":{"line":35,"column":0},"end":{"line":57,"column":3}},"21":{"start":{"line":36,"column":26},"end":{"line":36,"column":34}},"22":{"start":{"line":38,"column":2},"end":{"line":40,"column":3}},"23":{"start":{"line":39,"column":4},"end":{"line":39,"column":74}},"24":{"start":{"line":42,"column":2},"end":{"line":56,"column":3}},"25":{"start":{"line":43,"column":20},"end":{"line":48,"column":6}},"26":{"start":{"line":49,"column":4},"end":{"line":49,"column":34}},"27":{"start":{"line":51,"column":4},"end":{"line":51,"column":49}},"28":{"start":{"line":52,"column":4},"end":{"line":54,"column":5}},"29":{"start":{"line":53,"column":6},"end":{"line":53,"column":69}},"30":{"start":{"line":55,"column":4},"end":{"line":55,"column":61}},"31":{"start":{"line":59,"column":0},"end":{"line":59,"column":19}},"32":{"start":{"line":61,"column":0},"end":{"line":65,"column":1}},"33":{"start":{"line":62,"column":2},"end":{"line":64,"column":5}},"34":{"start":{"line":63,"column":4},"end":{"line":63,"column":65}}},"fnMap":{"0":{"name":"(anonymous_1)","decl":{"start":{"line":22,"column":22},"end":{"line":22,"column":27}},"loc":{"start":{"line":22,"column":60},"end":{"line":32,"column":1}}},"1":{"name":"(anonymous_2)","decl":{"start":{"line":35,"column":23},"end":{"line":35,"column":28}},"loc":{"start":{"line":35,"column":75},"end":{"line":57,"column":1}}},"2":{"name":"(anonymous_3)","decl":{"start":{"line":62,"column":19},"end":{"line":62,"column":22}},"loc":{"start":{"line":62,"column":24},"end":{"line":64,"column":3}}}},"branchMap":{"0":{"loc":{"start":{"line":11,"column":13},"end":{"line":11,"column":37}},"type":"binary-expr","locations":[{"start":{"line":11,"column":13},"end":{"line":11,"column":29}},{"start":{"line":11,"column":33},"end":{"line":11,"column":37}}]},"1":{"loc":{"start":{"line":38,"column":2},"end":{"line":40,"column":3}},"type":"if","locations":[{"start":{"line":38,"column":2},"end":{"line":40,"column":3}},{"start":{},"end":{}}]},"2":{"loc":{"start":{"line":38,"column":6},"end":{"line":38,"column":21}},"type":"binary-expr","locations":[{"start":{"line":38,"column":6},"end":{"line":38,"column":11}},{"start":{"line":38,"column":15},"end":{"line":38,"column":21}}]},"3":{"loc":{"start":{"line":52,"column":4},"end":{"line":54,"column":5}},"type":"if","locations":[{"start":{"line":52,"column":4},"end":{"line":54,"column":5}},{"start":{},"end":{}}]},"4":{"loc":{"start":{"line":61,"column":0},"end":{"line":65,"column":1}},"type":"if","locations":[{"start":{"line":61,"column":0},"end":{"line":65,"column":1}},{"start":{},"end":{}}]}},"s":{"0":1,"1":1,"2":1,"3":1,"4":1,"5":1,"6":1,"7":1,"8":1,"9":1,"10":1,"11":1,"12":1,"13":1,"14":1,"15":1,"16":1,"17":1,"18":0,"19":0,"20":1,"21":1,"22":1,"23":1,"24":0,"25":0,"26":0,"27":0,"28":0,"29":0,"30":0,"31":1,"32":1,"33":0,"34":0},"f":{"0":1,"1":1,"2":0},"b":{"0":[1,0],"1":[1,0],"2":[1,1],"3":[0,0],"4":[0,1]}}
}
