TN:
SF:src/index.ts
FN:22,(anonymous_1)
FN:35,(anonymous_2)
FN:62,(anonymous_3)
FNF:3
FNH:2
FNDA:1,(anonymous_1)
FNDA:1,(anonymous_2)
FNDA:0,(anonymous_3)
DA:1,1
DA:2,1
DA:3,1
DA:4,1
DA:5,1
DA:6,1
DA:8,1
DA:10,1
DA:11,1
DA:14,1
DA:15,1
DA:16,1
DA:18,1
DA:19,1
DA:22,1
DA:23,1
DA:24,1
DA:27,1
DA:29,0
DA:30,0
DA:35,1
DA:36,1
DA:38,1
DA:39,1
DA:42,0
DA:43,0
DA:49,0
DA:51,0
DA:52,0
DA:53,0
DA:55,0
DA:59,1
DA:61,1
DA:62,0
DA:63,0
LF:35
LH:24
BRDA:11,0,0,1
BRDA:11,0,1,0
BRDA:38,1,0,1
BRDA:38,1,1,0
BRDA:38,2,0,1
BRDA:38,2,1,1
BRDA:52,3,0,0
BRDA:52,3,1,0
BRDA:61,4,0,0
BRDA:61,4,1,1
BRF:10
BRH:5
end_of_record
